<?xml version="1.0" encoding="UTF-8"?>
<testsuite xmlns:xsi="http://www.w3.org/2001/XMLSchema-instance" xsi:noNamespaceSchemaLocation="https://maven.apache.org/surefire/maven-surefire-plugin/xsd/surefire-test-report.xsd" name="runner.UITestRunner" time="8.971" tests="20" errors="0" skipped="0" failures="0">
  <properties>
[...]
</properties>
  <testcase name="Given Navigate to MyApplication" classname="| 100 |" time="0.004"/>
  <testcase name="When User gets employee info for employee_id &quot;100&quot; from UI" classname="| 100 |" time="0"/>
  <testcase name="And User gets data for employee_id &quot;100&quot; from database" classname="| 100 |" time="0"/>
  <testcase name="Then Validate data are matching" classname="| 100 |" time="0"/>
  <testcase name="| 100 |" classname="| 100 |" time="0.001"/>
  <testcase name="Given Navigate to MyApplication" classname="| 105 |" time="0"/>
  <testcase name="When User gets employee info for employee_id &quot;105&quot; from UI" classname="| 105 |" time="0"/>
  <testcase name="And User gets data for employee_id &quot;105&quot; from database" classname="| 105 |" time="0"/>
  <testcase name="Then Validate data are matching" classname="| 105 |" time="0"/>
  <testcase name="| 105 |" classname="| 105 |" time="0.001"/>
  <testcase name="Given Navigate to MyApplication" classname="| 119 |" time="0"/>
  <testcase name="When User gets employee info for employee_id &quot;119&quot; from UI" classname="| 119 |" time="0.001"/>
  <testcase name="And User gets data for employee_id &quot;119&quot; from database" classname="| 119 |" time="0"/>
  <testcase name="Then Validate data are matching" classname="| 119 |" time="0"/>
  <testcase name="| 119 |" classname="| 119 |" time="0.001"/>
  <testcase name="Given Navigate to MyApplication" classname="| 125 |" time="0"/>
  <testcase name="When User gets employee info for employee_id &quot;125&quot; from UI" classname="| 125 |" time="0"/>
  <testcase name="And User gets data for employee_id &quot;125&quot; from database" classname="| 125 |" time="0"/>
  <testcase name="Then Validate data are matching" classname="| 125 |" time="0"/>
  <testcase name="| 125 |" classname="| 125 |" time="0.002"/>
</testsuite>